SF:/usr/src/app/dim/deps.ts
FN:37,decompress
FNDA:4,decompress
FNF:1
FNH:1
BRF:0
BRH:0
DA:1,22
DA:2,22
DA:3,22
DA:4,22
DA:5,22
DA:6,22
DA:8,22
DA:9,22
DA:11,22
DA:13,22
DA:15,22
DA:17,22
DA:19,22
DA:21,22
DA:22,22
DA:26,22
DA:28,22
DA:30,22
DA:32,22
DA:34,22
DA:35,22
DA:36,22
DA:37,22
DA:38,22
DA:39,26
DA:40,26
DA:41,26
DA:42,22
LH:28
LF:28
end_of_record
SF:/usr/src/app/dim/dim.ts
FNF:0
FNH:0
BRF:0
BRH:0
DA:1,2
DA:2,2
DA:3,2
DA:4,2
DA:5,2
DA:6,2
DA:7,2
DA:8,2
DA:9,2
DA:10,2
DA:11,2
DA:12,2
DA:13,2
DA:15,2
DA:16,2
DA:17,2
DA:18,2
DA:19,2
DA:20,2
DA:21,2
DA:22,2
DA:23,2
DA:25,2
DA:26,2
DA:27,2
DA:28,2
DA:29,2
DA:30,2
DA:31,2
DA:32,6
DA:34,2
DA:35,2
DA:36,2
DA:38,2
DA:39,2
DA:40,2
DA:41,6
DA:43,2
DA:44,2
DA:45,2
DA:47,2
DA:48,2
DA:49,2
DA:51,2
DA:52,2
DA:53,2
DA:55,2
DA:56,2
DA:57,2
DA:59,2
DA:60,2
DA:61,2
DA:63,2
DA:64,2
DA:65,2
DA:67,2
DA:69,2
DA:70,2
DA:71,2
DA:72,2
DA:73,2
DA:74,2
DA:75,2
DA:77,2
DA:79,2
DA:80,2
DA:81,2
DA:82,2
DA:83,2
DA:85,2
DA:87,2
DA:88,2
DA:89,2
DA:90,2
DA:91,2
DA:92,2
DA:94,2
DA:95,2
DA:97,2
DA:98,2
DA:99,2
DA:100,2
DA:101,2
DA:102,2
DA:103,2
DA:105,2
DA:106,2
DA:108,2
DA:109,2
DA:110,2
DA:111,2
DA:112,2
DA:113,2
DA:114,2
DA:115,2
DA:116,2
DA:117,2
DA:118,2
DA:119,2
DA:120,6
DA:121,2
DA:122,2
DA:124,2
DA:125,2
DA:126,2
DA:127,2
DA:128,2
DA:129,2
DA:130,2
DA:131,2
DA:132,2
DA:134,2
DA:135,2
DA:136,2
DA:138,2
DA:139,2
DA:140,2
DA:142,2
DA:143,2
DA:144,2
DA:145,2
DA:146,2
DA:148,2
DA:150,2
DA:151,2
DA:152,2
DA:153,2
DA:154,2
DA:155,2
DA:157,2
DA:158,2
DA:159,2
DA:161,2
DA:162,2
DA:163,2
DA:165,2
DA:167,2
DA:168,2
DA:169,2
LH:139
LF:139
end_of_record
SF:/usr/src/app/dim/libs/accessor.ts
FN:10,<instance_members_initializer>
FN:12,DimFileAccessor
FN:29,writeToDimFile
FN:35,addContent
FN:49,addContents
FN:65,removeContent
FN:73,getContents
FN:82,<instance_members_initializer>
FN:84,DimLockFileAccessor
FN:95,writeToDimLockFile
FN:101,addContent
FN:115,addContents
FN:131,removeContent
FN:142,getContents
FNDA:240,<instance_members_initializer>
FNDA:240,DimFileAccessor
FNDA:122,writeToDimFile
FNDA:94,addContent
FNDA:22,addContents
FNDA:8,removeContent
FNDA:116,getContents
FNDA:176,<instance_members_initializer>
FNDA:176,DimLockFileAccessor
FNDA:118,writeToDimLockFile
FNDA:90,addContent
FNDA:22,addContents
FNDA:8,removeContent
FNDA:84,getContents
FNF:14
FNH:14
BRDA:16,2,0,8
BRDA:17,2,1,6
BRDA:21,2,2,2
BRDA:38,4,0,10
BRDA:41,4,1,82
BRDA:43,4,2,92
BRDA:74,11,0,110
BRDA:76,11,1,6
BRDA:90,13,0,14
BRDA:104,15,0,4
BRDA:107,15,1,86
BRDA:132,20,0,2
BRDA:134,20,1,6
BRDA:143,22,0,58
BRDA:145,22,1,26
BRF:15
BRH:15
DA:2,20
DA:3,20
DA:4,20
DA:5,20
DA:6,20
DA:7,20
DA:8,20
DA:10,20
DA:11,260
DA:12,260
DA:13,500
DA:14,500
DA:15,500
DA:16,500
DA:17,508
DA:18,514
DA:19,514
DA:21,508
DA:22,510
DA:23,510
DA:25,510
DA:26,508
DA:27,508
DA:28,500
DA:29,260
DA:30,382
DA:31,382
DA:32,382
DA:34,382
DA:35,260
DA:36,354
DA:37,354
DA:38,354
DA:39,364
DA:40,364
DA:41,354
DA:42,436
DA:43,436
DA:44,446
DA:45,446
DA:46,446
DA:47,446
DA:48,354
DA:49,260
DA:50,282
DA:51,282
DA:52,282
DA:53,282
DA:56,282
DA:57,282
DA:58,282
DA:60,282
DA:61,282
DA:62,282
DA:63,282
DA:64,282
DA:65,260
DA:66,268
DA:67,268
DA:68,268
DA:69,268
DA:70,268
DA:71,268
DA:72,268
DA:73,260
DA:74,376
DA:75,486
DA:76,376
DA:77,382
DA:78,382
DA:79,376
DA:80,260
DA:82,20
DA:83,196
DA:84,196
DA:85,372
DA:86,372
DA:87,372
DA:88,372
DA:90,372
DA:91,386
DA:92,386
DA:93,386
DA:94,372
DA:95,196
DA:96,314
DA:97,314
DA:98,314
DA:100,314
DA:101,196
DA:102,286
DA:103,286
DA:104,286
DA:105,290
DA:106,290
DA:107,286
DA:108,372
DA:109,372
DA:110,286
DA:111,286
DA:112,286
DA:113,286
DA:114,286
DA:115,196
DA:116,218
DA:117,218
DA:118,218
DA:119,218
DA:122,218
DA:123,218
DA:124,218
DA:126,218
DA:127,218
DA:128,218
DA:129,218
DA:130,218
DA:131,196
DA:132,204
DA:133,206
DA:134,206
DA:135,210
DA:136,210
DA:137,210
DA:138,210
DA:139,210
DA:140,210
DA:141,204
DA:142,196
DA:143,280
DA:144,338
DA:145,280
DA:146,306
DA:147,306
DA:148,280
DA:149,196
LH:135
LF:135
end_of_record
SF:/usr/src/app/dim/libs/action_helper/initializer.ts
FN:11,initDimFile
FN:20,initDimLockFile
FN:32,createDataFilesDir
FNDA:4,initDimFile
FNDA:28,initDimLockFile
FNDA:138,createDataFilesDir
FNF:3
FNH:3
BRF:0
BRH:0
DA:1,20
DA:2,20
DA:3,20
DA:4,20
DA:5,20
DA:6,20
DA:7,20
DA:8,20
DA:11,20
DA:12,96
DA:13,24
DA:14,24
DA:15,24
DA:16,24
DA:18,20
DA:20,20
DA:21,48
DA:22,48
DA:23,48
DA:24,48
DA:25,48
DA:26,48
DA:27,48
DA:28,48
DA:30,20
DA:32,20
DA:33,158
DA:34,20
LH:28
LF:28
end_of_record
SF:/usr/src/app/dim/libs/action_helper/installer.ts
FN:10,installFromURL
FN:62,getInstallList
FN:111,installFromDimFile
FN:139,isNotInstalled
FN:192,executePostprocess
FN:202,getIntegrity
FN:209,parseHeader
FN:222,interactiveInstall
FN:246,validate
FN:262,validate
FN:314,installFromPage
FN:314,installFromPage
FNDA:100,installFromURL
FNDA:24,getInstallList
FNDA:34,installFromDimFile
FNDA:30,isNotInstalled
FNDA:118,executePostprocess
FNDA:138,getIntegrity
FNDA:80,parseHeader
FNDA:38,interactiveInstall
FNDA:4,validate
FNDA:28,validate
FNDA:2,installFromPage
FNDA:2,installFromPage
FNF:12
FNH:12
BRDA:21,2,0,6
BRDA:25,2,1,96
BRDA:25,2,2,92
BRDA:26,2,3,72
BRDA:28,2,4,92
BRDA:39,2,5,20
BRDA:43,2,6,6
BRDA:43,2,7,86
BRDA:45,2,8,98
BRDA:45,2,9,6
BRDA:47,2,10,92
BRDA:53,2,11,20
BRDA:56,2,12,90
BRDA:83,7,0,28
BRDA:98,7,1,28
BRDA:98,7,2,18
BRDA:119,8,0,18
BRDA:124,8,1,4
BRDA:125,8,2,2
BRDA:129,8,3,30
BRDA:131,8,4,32
BRDA:133,8,5,8
BRDA:136,8,6,32
BRDA:136,8,7,24
BRDA:138,8,8,14
BRDA:142,8,9,24
BRDA:146,8,10,18
BRDA:147,8,11,36
BRDA:157,8,12,6
BRDA:167,8,13,24
BRDA:170,8,14,22
BRDA:171,8,15,46
BRDA:185,8,16,24
BRDA:196,15,0,74
BRDA:213,17,0,2
BRDA:224,18,0,114
BRDA:225,18,1,152
BRDA:258,18,2,40
BRDA:269,18,3,12
BRDA:271,18,4,28
BRDA:278,18,5,26
BRDA:283,18,6,32
BRDA:283,18,7,6
BRDA:289,18,8,2
BRDA:263,21,0,26
BRDA:263,21,1,24
BRDA:322,24,0,1
BRDA:325,24,1,0
BRDA:328,24,2,1
BRDA:331,24,3,4
BRDA:354,24,4,1
BRDA:322,25,0,1
BRDA:325,25,1,0
BRDA:328,25,2,1
BRDA:331,25,3,4
BRDA:353,25,4,1
BRF:56
BRH:54
DA:1,20
DA:2,20
DA:3,20
DA:4,20
DA:5,20
DA:7,20
DA:8,20
DA:10,20
DA:11,20
DA:12,20
DA:13,20
DA:14,20
DA:15,20
DA:16,20
DA:17,20
DA:18,120
DA:19,120
DA:20,120
DA:21,120
DA:22,126
DA:23,126
DA:25,120
DA:26,216
DA:27,288
DA:28,288
DA:29,308
DA:30,308
DA:31,308
DA:32,308
DA:33,308
DA:34,308
DA:35,308
DA:36,308
DA:37,308
DA:38,308
DA:39,120
DA:40,120
DA:41,120
DA:42,120
DA:43,120
DA:44,120
DA:45,120
DA:46,224
DA:47,224
DA:48,310
DA:49,310
DA:50,310
DA:51,310
DA:52,310
DA:53,120
DA:54,120
DA:55,120
DA:56,120
DA:57,210
DA:59,210
DA:60,20
DA:62,20
DA:63,44
DA:64,94
DA:65,144
DA:66,194
DA:67,2328
DA:68,194
DA:70,194
DA:71,194
DA:72,194
DA:73,194
DA:74,194
DA:75,194
DA:76,240
DA:77,240
DA:78,240
DA:79,240
DA:81,240
DA:82,240
DA:83,240
DA:84,268
DA:85,268
DA:86,240
DA:87,240
DA:89,240
DA:91,240
DA:92,240
DA:93,240
DA:94,240
DA:95,240
DA:96,240
DA:97,240
DA:98,240
DA:99,240
DA:100,240
DA:101,240
DA:102,240
DA:103,240
DA:104,194
DA:105,144
DA:106,94
DA:107,44
DA:108,44
DA:109,20
DA:111,20
DA:112,20
DA:113,20
DA:114,20
DA:115,20
DA:116,54
DA:117,54
DA:118,54
DA:119,54
DA:120,72
DA:121,72
DA:123,54
DA:124,54
DA:125,58
DA:126,58
DA:127,58
DA:128,60
DA:129,54
DA:130,84
DA:131,84
DA:133,54
DA:134,62
DA:135,62
DA:136,62
DA:137,110
DA:138,86
DA:139,100
DA:140,100
DA:141,100
DA:142,100
DA:143,110
DA:144,110
DA:146,86
DA:147,104
DA:148,140
DA:149,142
DA:150,142
DA:151,142
DA:153,142
DA:154,140
DA:155,140
DA:156,140
DA:157,86
DA:158,92
DA:159,92
DA:160,92
DA:161,94
DA:162,94
DA:163,94
DA:165,94
DA:166,92
DA:167,92
DA:169,110
DA:170,86
DA:171,108
DA:172,154
DA:173,154
DA:174,154
DA:175,154
DA:176,154
DA:177,154
DA:178,154
DA:179,154
DA:180,154
DA:182,154
DA:183,108
DA:184,108
DA:185,108
DA:187,110
DA:188,20
DA:190,20
DA:192,20
DA:193,20
DA:194,20
DA:195,20
DA:196,138
DA:197,212
DA:198,212
DA:199,212
DA:200,20
DA:202,20
DA:203,20
DA:204,20
DA:205,158
DA:206,158
DA:207,20
DA:209,20
DA:210,20
DA:211,20
DA:212,100
DA:213,100
DA:214,102
DA:215,102
DA:216,102
DA:217,102
DA:218,102
DA:219,100
DA:220,20
DA:222,20
DA:223,58
DA:224,58
DA:225,172
DA:226,324
DA:227,324
DA:228,324
DA:229,324
DA:230,324
DA:231,324
DA:232,324
DA:233,324
DA:235,324
DA:236,172
DA:238,58
DA:239,58
DA:240,58
DA:241,58
DA:242,58
DA:244,58
DA:245,58
DA:246,58
DA:247,58
DA:249,58
DA:250,58
DA:251,58
DA:252,58
DA:253,58
DA:254,58
DA:255,58
DA:256,58
DA:258,58
DA:259,98
DA:260,98
DA:261,98
DA:262,98
DA:263,126
DA:264,126
DA:265,98
DA:266,98
DA:267,98
DA:269,98
DA:270,110
DA:271,110
DA:272,126
DA:274,126
DA:275,126
DA:276,126
DA:277,126
DA:278,98
DA:279,124
DA:280,124
DA:281,98
DA:283,58
DA:284,58
DA:285,58
DA:286,58
DA:288,58
DA:289,58
DA:290,60
DA:291,60
DA:292,60
DA:293,58
DA:294,58
DA:295,58
DA:296,58
DA:297,58
DA:298,58
DA:299,58
DA:300,58
DA:301,58
DA:302,58
DA:303,60
DA:304,60
DA:305,60
DA:307,60
DA:308,58
DA:311,58
DA:312,20
DA:314,20
DA:315,20
DA:316,20
DA:317,20
DA:318,20
DA:319,20
DA:320,20
DA:321,24
DA:322,24
DA:323,26
DA:324,26
DA:325,0
DA:326,0
DA:327,0
DA:328,0
DA:329,26
DA:330,26
DA:331,24
DA:332,32
DA:333,32
DA:334,32
DA:335,32
DA:336,32
DA:337,32
DA:338,32
DA:339,32
DA:340,32
DA:341,32
DA:342,32
DA:343,32
DA:344,32
DA:345,36
DA:346,40
DA:347,0
DA:348,0
DA:349,0
DA:350,0
DA:351,0
DA:352,0
DA:353,0
DA:354,25
DA:355,23
LH:308
LF:319
end_of_record
SF:/usr/src/app/dim/libs/actions.ts
FN:18,execute
FN:27,execute
FN:135,execute
FN:178,execute
FN:196,execute
FN:276,execute
FN:327,execute
FN:411,execute
FN:443,execute
FN:455,validate
FN:497,validate
FNDA:2,execute
FNDA:80,execute
FNDA:8,execute
FNDA:4,execute
FNDA:6,execute
FNDA:14,execute
FNDA:56,execute
FNDA:4,execute
FNDA:14,execute
FNDA:4,validate
FNDA:4,validate
FNF:11
FNH:11
BRDA:40,2,0,48
BRDA:40,2,1,2
BRDA:46,2,2,48
BRDA:46,2,3,0
BRDA:50,2,4,16
BRDA:50,2,5,0
BRDA:56,2,6,4
BRDA:56,2,7,0
BRDA:63,2,8,48
BRDA:64,2,9,4
BRDA:71,2,10,4
BRDA:71,2,11,2
BRDA:93,2,12,32
BRDA:93,2,13,4
BRDA:94,2,14,2
BRDA:110,2,15,28
BRDA:111,2,16,14
BRDA:120,2,17,16
BRDA:121,2,18,12
BRDA:123,2,19,4
BRDA:137,7,0,6
BRDA:141,7,1,2
BRDA:149,7,2,4
BRDA:160,7,3,4
BRDA:163,7,4,2
BRDA:184,9,0,2
BRDA:201,11,0,2
BRDA:215,11,1,4
BRDA:231,11,2,2
BRDA:231,11,3,2
BRDA:237,11,4,2
BRDA:237,11,5,2
BRDA:243,11,6,2
BRDA:243,11,7,2
BRDA:249,11,8,2
BRDA:249,11,9,2
BRDA:280,12,0,8
BRDA:282,12,1,2
BRDA:304,12,2,6
BRDA:306,12,3,4
BRDA:313,12,4,6
BRDA:331,15,0,52
BRDA:331,15,1,6
BRDA:340,15,2,54
BRDA:342,15,3,2
BRDA:348,15,4,54
BRDA:353,15,5,152
BRDA:359,15,6,2
BRDA:359,15,7,150
BRDA:365,15,8,2
BRDA:365,15,9,150
BRDA:371,15,10,202
BRDA:375,15,11,2
BRDA:375,15,12,200
BRDA:379,15,13,2
BRDA:379,15,14,200
BRDA:385,15,15,2
BRDA:385,15,16,200
BRDA:389,15,17,2
BRDA:389,15,18,200
BRDA:396,15,19,54
BRDA:398,15,20,16
BRDA:400,15,21,38
BRDA:414,16,0,12
BRDA:424,18,0,6
BRDA:450,19,0,4
BRDA:463,19,1,2
BRDA:465,19,2,12
BRDA:468,19,3,2
BRDA:480,19,4,2
BRDA:482,19,5,12
BRDA:491,19,6,2
BRDA:493,19,7,10
BRDA:494,19,8,4
BRDA:502,19,9,6
BRF:75
BRH:72
DA:1,20
DA:2,20
DA:3,20
DA:4,20
DA:5,20
DA:6,20
DA:7,20
DA:8,20
DA:9,20
DA:10,20
DA:11,20
DA:12,20
DA:13,20
DA:14,20
DA:15,20
DA:17,20
DA:18,20
DA:19,22
DA:20,22
DA:21,22
DA:22,22
DA:23,22
DA:24,20
DA:26,20
DA:27,20
DA:28,20
DA:37,20
DA:38,20
DA:39,20
DA:40,100
DA:41,102
DA:42,102
DA:44,102
DA:45,102
DA:46,0
DA:47,0
DA:48,0
DA:49,0
DA:50,0
DA:51,0
DA:52,0
DA:54,0
DA:55,0
DA:56,0
DA:57,0
DA:58,0
DA:59,0
DA:61,100
DA:63,100
DA:64,148
DA:65,152
DA:66,152
DA:67,152
DA:68,148
DA:69,148
DA:70,148
DA:71,148
DA:72,150
DA:73,150
DA:74,150
DA:75,150
DA:78,150
DA:79,150
DA:80,148
DA:81,148
DA:82,148
DA:83,148
DA:84,148
DA:85,148
DA:86,154
DA:87,154
DA:88,154
DA:90,154
DA:91,148
DA:92,148
DA:93,100
DA:94,136
DA:95,138
DA:96,138
DA:97,138
DA:98,136
DA:99,136
DA:100,136
DA:101,136
DA:102,136
DA:103,136
DA:104,136
DA:105,138
DA:106,138
DA:107,138
DA:108,136
DA:109,136
DA:110,132
DA:111,160
DA:112,160
DA:113,160
DA:114,160
DA:115,160
DA:116,162
DA:117,162
DA:118,160
DA:120,160
DA:121,176
DA:122,188
DA:123,176
DA:124,180
DA:125,180
DA:126,180
DA:128,180
DA:129,176
DA:130,160
DA:131,100
DA:132,20
DA:134,20
DA:135,20
DA:136,28
DA:137,28
DA:138,34
DA:139,34
DA:141,28
DA:142,30
DA:143,30
DA:145,30
DA:146,28
DA:147,28
DA:148,28
DA:149,28
DA:150,32
DA:151,32
DA:153,32
DA:154,32
DA:155,32
DA:156,32
DA:159,32
DA:160,28
DA:161,32
DA:162,32
DA:163,32
DA:164,34
DA:165,34
DA:167,34
DA:168,34
DA:169,34
DA:171,34
DA:172,32
DA:173,32
DA:174,28
DA:175,20
DA:177,20
DA:178,20
DA:179,24
DA:180,24
DA:181,72
DA:183,24
DA:184,24
DA:185,26
DA:186,26
DA:187,26
DA:188,26
DA:189,26
DA:190,26
DA:191,26
DA:192,24
DA:193,20
DA:195,20
DA:196,20
DA:197,20
DA:198,20
DA:199,26
DA:200,26
DA:201,32
DA:202,34
DA:203,34
DA:204,34
DA:205,34
DA:206,34
DA:207,34
DA:208,34
DA:209,34
DA:210,34
DA:211,34
DA:212,34
DA:213,34
DA:215,32
DA:216,36
DA:217,36
DA:219,36
DA:220,36
DA:221,36
DA:223,36
DA:224,36
DA:225,36
DA:227,36
DA:228,36
DA:229,36
DA:231,36
DA:232,36
DA:233,36
DA:234,36
DA:237,36
DA:238,36
DA:239,36
DA:240,36
DA:243,36
DA:244,36
DA:245,36
DA:246,36
DA:249,36
DA:250,36
DA:251,36
DA:253,36
DA:254,36
DA:255,36
DA:257,36
DA:258,36
DA:259,36
DA:261,36
DA:262,36
DA:263,36
DA:265,36
DA:266,36
DA:267,36
DA:269,36
DA:270,36
DA:271,26
DA:272,26
DA:273,20
DA:275,20
DA:276,20
DA:277,20
DA:278,20
DA:279,20
DA:280,34
DA:281,42
DA:282,42
DA:283,44
DA:284,44
DA:285,44
DA:288,44
DA:289,44
DA:290,42
DA:291,42
DA:292,42
DA:293,42
DA:294,42
DA:295,42
DA:296,42
DA:297,42
DA:298,42
DA:299,44
DA:300,44
DA:301,44
DA:303,44
DA:304,42
DA:306,42
DA:307,46
DA:308,46
DA:309,46
DA:310,46
DA:312,46
DA:313,34
DA:314,40
DA:315,40
DA:316,40
DA:317,40
DA:319,40
DA:320,40
DA:322,40
DA:323,34
DA:324,20
DA:326,20
DA:327,20
DA:328,20
DA:329,20
DA:330,20
DA:331,76
DA:332,82
DA:333,82
DA:334,82
DA:336,82
DA:337,82
DA:339,76
DA:340,76
DA:342,76
DA:343,78
DA:344,78
DA:345,78
DA:347,78
DA:348,78
DA:350,130
DA:352,130
DA:353,76
DA:354,228
DA:355,228
DA:356,228
DA:357,228
DA:359,228
DA:360,228
DA:361,228
DA:362,228
DA:365,228
DA:366,228
DA:367,228
DA:368,228
DA:371,228
DA:372,430
DA:373,430
DA:375,430
DA:376,430
DA:377,430
DA:379,430
DA:380,430
DA:381,430
DA:382,430
DA:385,430
DA:386,430
DA:387,430
DA:389,430
DA:390,430
DA:391,430
DA:393,430
DA:394,430
DA:395,228
DA:396,228
DA:398,76
DA:399,92
DA:400,92
DA:402,114
DA:404,114
DA:405,114
DA:407,76
DA:408,20
DA:410,20
DA:411,20
DA:412,24
DA:413,24
DA:414,24
DA:415,36
DA:416,432
DA:417,36
DA:419,36
DA:420,36
DA:421,36
DA:422,36
DA:423,48
DA:424,48
DA:425,54
DA:426,54
DA:428,54
DA:429,54
DA:430,54
DA:431,54
DA:433,54
DA:434,54
DA:435,36
DA:436,36
DA:437,36
DA:438,24
DA:439,24
DA:440,20
DA:442,20
DA:443,20
DA:444,20
DA:445,20
DA:446,20
DA:447,34
DA:448,34
DA:449,34
DA:450,34
DA:451,38
DA:452,38
DA:453,38
DA:454,38
DA:455,38
DA:456,42
DA:457,42
DA:458,38
DA:459,38
DA:460,34
DA:461,34
DA:462,34
DA:463,34
DA:464,36
DA:465,34
DA:466,46
DA:467,46
DA:468,34
DA:469,36
DA:470,36
DA:472,36
DA:473,36
DA:474,34
DA:475,408
DA:476,34
DA:478,34
DA:479,34
DA:480,34
DA:481,36
DA:482,36
DA:483,46
DA:484,46
DA:485,46
DA:487,46
DA:488,46
DA:489,46
DA:490,46
DA:491,34
DA:492,36
DA:493,36
DA:494,34
DA:495,38
DA:496,38
DA:497,38
DA:498,42
DA:499,42
DA:500,38
DA:501,38
DA:502,34
DA:503,40
DA:504,40
DA:505,34
DA:506,20
LH:409
LF:422
end_of_record
SF:/usr/src/app/dim/libs/ckan_api_client.ts
FN:6,search
FNDA:56,search
FNF:1
FNH:1
BRDA:8,1,0,52
BRDA:10,1,1,4
BRDA:26,1,2,54
BRDA:28,1,3,2
BRDA:34,1,4,54
BRF:5
BRH:5
DA:1,20
DA:2,20
DA:5,20
DA:6,20
DA:7,76
DA:8,76
DA:9,128
DA:10,76
DA:11,80
DA:12,80
DA:13,80
DA:15,76
DA:16,76
DA:17,76
DA:18,76
DA:19,76
DA:22,76
DA:23,76
DA:24,76
DA:25,76
DA:26,228
DA:27,76
DA:28,76
DA:29,78
DA:30,78
DA:31,78
DA:33,78
DA:34,78
DA:35,130
DA:36,76
DA:37,20
LH:31
LF:31
end_of_record
SF:/usr/src/app/dim/libs/console_animation.ts
FN:3,<instance_members_initializer>
FN:7,ConsoleAnimation
FN:9,ConsoleAnimation.print
FN:24,start
FN:28,stop
FNDA:78,<instance_members_initializer>
FNDA:78,ConsoleAnimation
FNDA:6,ConsoleAnimation.print
FNDA:76,start
FNDA:70,stop
FNF:5
FNH:5
BRF:0
BRH:0
DA:1,22
DA:3,22
DA:4,100
DA:5,278
DA:7,656
DA:8,178
DA:9,278
DA:10,184
DA:11,184
DA:12,184
DA:13,184
DA:17,184
DA:18,184
DA:19,184
DA:22,184
DA:23,278
DA:24,100
DA:25,176
DA:26,176
DA:27,176
DA:28,100
DA:29,170
DA:30,170
DA:31,170
DA:32,170
DA:33,170
DA:34,100
LH:27
LF:27
end_of_record
SF:/usr/src/app/dim/libs/consts.ts
FNF:0
FNH:0
BRF:0
BRH:0
DA:1,20
DA:2,20
DA:3,20
DA:4,20
DA:5,20
DA:6,20
DA:7,20
DA:8,20
DA:9,20
DA:10,20
DA:11,20
DA:12,20
DA:13,20
DA:14,20
DA:15,20
DA:16,20
DA:17,20
DA:18,20
DA:19,20
LH:19
LF:19
end_of_record
SF:/usr/src/app/dim/libs/deno_wrapper.ts
FN:2,<static_initializer>
FNDA:20,<static_initializer>
FNF:1
FNH:1
BRF:0
BRH:0
DA:1,20
DA:2,20
DA:3,40
DA:4,20
DA:5,20
LH:5
LF:5
end_of_record
SF:/usr/src/app/dim/libs/downloader.ts
FN:6,download
FNDA:140,download
FNF:1
FNH:1
BRDA:15,1,0,138
BRF:1
BRH:1
DA:1,20
DA:2,20
DA:5,20
DA:6,20
DA:7,20
DA:8,20
DA:9,20
DA:10,20
DA:11,160
DA:12,160
DA:13,160
DA:14,160
DA:15,480
DA:16,298
DA:17,298
DA:18,298
DA:19,298
DA:20,298
DA:21,298
DA:22,298
DA:23,160
DA:24,20
LH:22
LF:22
end_of_record
SF:/usr/src/app/dim/libs/openai_client.ts
FN:5,<instance_members_initializer>
FN:8,OpenAIClient
FN:17,request
FNDA:14,<instance_members_initializer>
FNDA:14,OpenAIClient
FNDA:14,request
FNF:3
FNH:3
BRDA:10,2,0,2
BRDA:31,3,0,12
BRDA:33,3,1,2
BRF:3
BRH:3
DA:1,20
DA:2,20
DA:5,20
DA:6,34
DA:8,34
DA:9,48
DA:10,48
DA:11,50
DA:12,50
DA:14,50
DA:15,50
DA:16,48
DA:17,34
DA:18,48
DA:19,48
DA:20,48
DA:21,48
DA:22,48
DA:23,192
DA:24,48
DA:25,48
DA:26,48
DA:27,48
DA:28,48
DA:29,48
DA:30,48
DA:31,48
DA:32,48
DA:33,48
DA:34,50
DA:35,50
DA:37,50
DA:38,50
DA:39,48
DA:40,48
DA:41,34
LH:36
LF:36
end_of_record
SF:/usr/src/app/dim/libs/postprocess/base_postprocess.ts
FN:1,<instance_members_initializer>
FN:4,BasePostprocess
FN:10,printUsage
FNDA:100,<instance_members_initializer>
FNDA:100,BasePostprocess
FNDA:12,printUsage
FNF:3
FNH:3
BRF:0
BRH:0
DA:1,20
DA:2,120
DA:3,120
DA:4,120
DA:5,220
DA:6,220
DA:7,220
DA:10,120
DA:11,132
DA:12,132
DA:13,132
DA:15,132
DA:16,120
LH:13
LF:13
end_of_record
SF:/usr/src/app/dim/libs/postprocess/command.ts
FN:5,execute
FN:16,validate
FNDA:8,execute
FNDA:10,validate
FNF:2
FNH:2
BRDA:12,1,0,2
BRDA:17,2,0,2
BRDA:23,2,1,8
BRF:3
BRH:3
DA:1,20
DA:2,20
DA:4,20
DA:5,20
DA:6,28
DA:7,28
DA:8,28
DA:9,28
DA:10,28
DA:11,28
DA:12,28
DA:13,30
DA:14,30
DA:15,28
DA:16,20
DA:17,30
DA:18,32
DA:19,32
DA:21,32
DA:22,32
DA:23,32
DA:24,38
DA:25,30
DA:26,20
LH:24
LF:24
end_of_record
SF:/usr/src/app/dim/libs/postprocess/csv_to_json_converter.ts
FN:6,execute
FN:12,validate
FNDA:2,execute
FNDA:4,validate
FNF:2
FNH:2
BRDA:13,2,0,2
BRF:1
BRH:1
DA:1,20
DA:2,20
DA:3,20
DA:5,20
DA:6,20
DA:7,22
DA:8,66
DA:9,22
DA:10,22
DA:11,22
DA:12,20
DA:13,24
DA:14,26
DA:15,26
DA:16,26
DA:18,26
DA:19,26
DA:20,26
DA:21,26
DA:22,24
DA:23,20
LH:21
LF:21
end_of_record
SF:/usr/src/app/dim/libs/postprocess/encoder.ts
FN:5,execute
FN:17,validate
FNDA:24,execute
FNDA:28,validate
FNF:2
FNH:2
BRDA:18,2,0,2
BRDA:24,2,1,26
BRDA:24,2,2,2
BRDA:31,2,3,24
BRF:4
BRH:4
DA:1,20
DA:2,20
DA:4,20
DA:5,20
DA:6,44
DA:7,44
DA:8,44
DA:9,44
DA:10,44
DA:11,44
DA:12,44
DA:13,44
DA:15,44
DA:16,44
DA:17,20
DA:18,48
DA:19,50
DA:20,50
DA:22,50
DA:23,50
DA:24,48
DA:25,76
DA:26,76
DA:27,76
DA:29,76
DA:30,76
DA:31,76
DA:32,72
DA:33,48
DA:34,20
LH:30
LF:30
end_of_record
SF:/usr/src/app/dim/libs/postprocess/postprocess_dispatcher.ts
FN:8,<instance_members_initializer>
FN:14,PostprocessDispatcher
FN:21,dispatch
FNDA:20,<instance_members_initializer>
FNDA:20,PostprocessDispatcher
FNDA:74,dispatch
FNF:3
FNH:3
BRDA:22,3,0,28
BRDA:23,3,1,24
BRDA:27,3,2,4
BRDA:30,3,3,46
BRDA:30,3,4,8
BRDA:31,3,5,6
BRDA:34,3,6,2
BRDA:37,3,7,38
BRDA:37,3,8,8
BRDA:38,3,9,6
BRDA:41,3,10,2
BRDA:44,3,11,30
BRDA:44,3,12,4
BRDA:45,3,13,2
BRDA:51,3,14,26
BRDA:51,3,15,10
BRDA:54,3,16,8
BRDA:56,3,17,2
BRDA:59,3,18,6
BRDA:66,3,19,16
BRF:20
BRH:20
DA:1,20
DA:2,20
DA:3,20
DA:4,20
DA:5,20
DA:6,20
DA:8,20
DA:9,40
DA:10,40
DA:11,40
DA:12,40
DA:13,40
DA:14,40
DA:15,180
DA:16,60
DA:17,60
DA:18,60
DA:19,180
DA:20,60
DA:21,40
DA:22,114
DA:23,142
DA:24,166
DA:25,498
DA:26,166
DA:27,142
DA:28,146
DA:29,146
DA:30,114
DA:31,168
DA:32,174
DA:33,174
DA:34,168
DA:35,170
DA:36,170
DA:37,160
DA:38,206
DA:39,212
DA:40,212
DA:41,206
DA:42,208
DA:43,208
DA:44,198
DA:45,232
DA:46,234
DA:47,234
DA:48,234
DA:49,234
DA:50,234
DA:51,228
DA:52,264
DA:53,264
DA:54,264
DA:55,272
DA:56,816
DA:57,274
DA:58,274
DA:59,264
DA:60,270
DA:61,270
DA:62,270
DA:64,270
DA:65,270
DA:66,254
DA:67,270
DA:68,270
DA:69,114
DA:70,40
LH:68
LF:68
end_of_record
SF:/usr/src/app/dim/libs/postprocess/unzipper.ts
FN:6,execute
FN:22,validate
FNDA:6,execute
FNDA:8,validate
FNF:2
FNH:2
BRDA:9,1,0,4
BRDA:9,1,1,2
BRDA:23,2,0,2
BRDA:30,2,1,6
BRF:4
BRH:4
DA:1,20
DA:2,20
DA:3,20
DA:5,20
DA:6,20
DA:7,26
DA:8,26
DA:9,26
DA:10,32
DA:11,224
DA:12,32
DA:13,32
DA:14,32
DA:15,32
DA:16,32
DA:17,30
DA:18,30
DA:19,30
DA:20,26
DA:21,26
DA:22,20
DA:23,28
DA:24,30
DA:25,30
DA:26,30
DA:28,30
DA:29,30
DA:30,30
DA:31,34
DA:32,28
DA:33,20
LH:31
LF:31
end_of_record
SF:/usr/src/app/dim/libs/postprocess/xlsx_to_csv_converter.ts
FN:5,execute
FN:12,validate
FNDA:6,execute
FNDA:8,validate
FNF:2
FNH:2
BRDA:13,2,0,2
BRDA:20,2,1,6
BRF:2
BRH:2
DA:1,20
DA:2,20
DA:4,20
DA:5,20
DA:6,26
DA:7,26
DA:8,26
DA:9,26
DA:10,26
DA:11,26
DA:12,20
DA:13,28
DA:14,30
DA:15,30
DA:16,30
DA:18,30
DA:19,30
DA:20,30
DA:21,34
DA:22,28
DA:23,20
LH:21
LF:21
end_of_record
SF:/usr/src/app/dim/tests/helper.ts
FN:9,createKyGetStub
FN:16,ky.extend.hooks.beforeRequest
FN:25,createKyPostStub
FN:32,ky.extend.hooks.beforeRequest
FN:42,removeTemporaryFiles
FN:48,fileExists
FN:57,createEmptyDimJson
FNDA:150,createKyGetStub
FNDA:210,ky.extend.hooks.beforeRequest
FNDA:12,createKyPostStub
FNDA:12,ky.extend.hooks.beforeRequest
FNDA:190,removeTemporaryFiles
FNDA:46,fileExists
FNDA:104,createEmptyDimJson
FNF:7
FNH:7
BRDA:43,5,0,440
BRDA:52,6,0,2
BRF:2
BRH:2
DA:1,18
DA:2,18
DA:3,18
DA:5,18
DA:6,18
DA:7,54
DA:9,18
DA:10,18
DA:11,18
DA:12,18
DA:13,168
DA:14,168
DA:15,168
DA:16,168
DA:17,378
DA:18,378
DA:19,168
DA:20,168
DA:21,168
DA:23,168
DA:24,18
DA:25,18
DA:26,18
DA:27,18
DA:28,18
DA:29,30
DA:30,30
DA:31,30
DA:32,30
DA:33,42
DA:34,42
DA:35,30
DA:36,30
DA:37,30
DA:39,30
DA:40,18
DA:42,18
DA:43,208
DA:44,1944
DA:45,648
DA:46,18
DA:48,18
DA:49,64
DA:50,64
DA:51,64
DA:52,64
DA:53,66
DA:54,66
DA:55,64
DA:57,18
DA:58,122
DA:59,122
DA:60,488
DA:62,122
DA:63,122
DA:64,488
DA:66,18
LH:57
LF:57
end_of_record
